[Stroopwafel:#youth-team] -!- Stroopwafel [~GwnYServ@user.scoutlink.net] has left (#youth-team)
[Stroopwafel:#youth-team] <floepa> GewoonYorick can you plan a meeting?.. seems like more a job for you :) 
[Stroopwafel:#youth-team] -!- mode/#youth-team [+k goodpass] by GewoonYorick
[Stroopwafel:#youth-team] -!- mode/#youth-team [-k goodpass] by ChanServ
[Stroopwafel:#youth-team] * GewoonYorick hides
[Stroopwafel:#youth-team] -!- Stroopwafel [~GwnYServ@user.scoutlink.net] has left (#youth-team)
[Stroopwafel:#youth-team] -!- GewoonYorick [~GwnYServ@user.scoutlink.net] has left ("GewoonYorick Webchat Powered by The Lounge")
[Stroopwafel:#youth-team] -!- mode/#youth-team [+ao GewoonYorick GewoonYorick] by ChanServ
[Stroopwafel:#youth-team] <GewoonYorick> !info
[Stroopwafel:#youth-team] -ChanServ- GewoonYorick (Yorick) set the mode lock to +nst
[Stroopwafel:#youth-team] -!- mode/#youth-team [+k goodpass] by GewoonYorick
[Stroopwafel:#youth-team] * GewoonYorick pokes chanserv with a stick
[Stroopwafel:#youth-team] <Gregor> Morning 
[Stroopwafel:#youth-team] <GewoonYorick> morning Gregor :)
[Stroopwafel:#youth-team] <Gregor> Why you bullying ChanServ 
[Stroopwafel:#youth-team] <GewoonYorick> it was bullying me first
[Stroopwafel:#youth-team] <GewoonYorick> it removed the key twice already
[Stroopwafel:#youth-team] <GewoonYorick> now its no longer able too :p
[Stroopwafel:#youth-team] <GewoonYorick> !flags
[Stroopwafel:#youth-team] <floepa> does Stroopwafel do`s  things like giving auto kick?
[Stroopwafel:#youth-team] <GewoonYorick> not yet, if we want we can add it
[Stroopwafel:#youth-team] <floepa> no that`s not alloud, that was why I was asking
[Stroopwafel:#youth-team] <GewoonYorick> but I prefer human beings kicking
[Stroopwafel:#youth-team] <floepa> yeah, more like using it as a template with short commando`s 
[Stroopwafel:#youth-team] <GewoonYorick> do you mind if I add some flags for it?
[Stroopwafel:#youth-team] <floepa> for stroopwafel?
[Stroopwafel:#youth-team] <GewoonYorick> ye?
[Stroopwafel:#youth-team] <floepa> is that a good idea when it`s not approved yet?
[Stroopwafel:#youth-team] <floepa> if you want some flags for testing... I`m fine with it,,, only in here of course:)
[Stroopwafel:#youth-team] <GewoonYorick> guess thats a no :p
[Stroopwafel:#youth-team] <GewoonYorick> yeah
[Stroopwafel:#youth-team] <floepa> yeah., just be carefull... and if you have something.. send me the information I need to get itapproved :) 
[Stroopwafel:#youth-team] <GewoonYorick> hmm will add stuff to github :)
[Stroopwafel:#youth-team] -!- mode/#youth-team [+h Gforce] by ChanServ
[Stroopwafel:#youth-team] <GewoonYorick> hey Gforce :)
[Stroopwafel:#youth-team] <Gforce> Hi Yorick
