[Stroopwafel:*status] -*status- ---------------------------------------------------
[Stroopwafel:*status] -*status- |                                                 |
[Stroopwafel:*status] -*status- |   Welcome! You're now connected to the server!  |
[Stroopwafel:*status] -*status- |                                                 |
[Stroopwafel:*status] -*status- ---------------------------------------------------
[Stroopwafel:*status] -*status- ---------------------------------------------------
[Stroopwafel:*status] -*status- |                                                 |
[Stroopwafel:*status] -*status- |                 Server information!             |
[Stroopwafel:*status] -*status- |_ _ _ _ _ _ _ _ _ _ _ _ _ _ _ _ _ _ _ _ _ _ _ _ _|
[Stroopwafel:*status] -*status- |                                                 |
[Stroopwafel:*status] -*status- |     Webpanel:    http://znc.gewoonyorick.nl     |
[Stroopwafel:*status] -*status- |     Webchat:     http://webchat.gewoonyorick.nl |
[Stroopwafel:*status] -*status- |                                                 |
[Stroopwafel:*status] -*status- ---------------------------------------------------
[Stroopwafel:*status] -*status- ---------------------------------------------------
[Stroopwafel:*status] -*status- |                                                 |
[Stroopwafel:*status] -*status- |           Advanced Server information!          |
[Stroopwafel:*status] -*status- |_ _ _ _ _ _ _ _ _ _ _ _ _ _ _ _ _ _ _ _ _ _ _ _ _|
[Stroopwafel:*status] -*status- |                                                 |
[Stroopwafel:*status] -*status- |     Hostname: znc.gewoonyorick.nl               |
[Stroopwafel:*status] -*status- |     Ports: 6667, 7778                           |
[Stroopwafel:*status] -*status- |     SSL port: 6697                              |
[Stroopwafel:*status] -*status- |     WebPanel port: 8080                         |
[Stroopwafel:*status] -*status- |                                                 |
[Stroopwafel:*status] -*status- ---------------------------------------------------
[Stroopwafel:*status] -*status- ---------------------------------------------------
[Stroopwafel:*status] -*status- |                                                 |
[Stroopwafel:*status] -*status- |       For Feature Request PM GewoonYorick       |
[Stroopwafel:*status] -*status- |                                                 |
[Stroopwafel:*status] -*status- ---------------------------------------------------
[Stroopwafel:*status] -*status- ---------------------------------------------------
[Stroopwafel:*status] -*status- |                                                 |
[Stroopwafel:*status] -*status- |   Welcome! You're now connected to the server!  |
[Stroopwafel:*status] -*status- |                                                 |
[Stroopwafel:*status] -*status- ---------------------------------------------------
[Stroopwafel:*status] -*status- ---------------------------------------------------
[Stroopwafel:*status] -*status- |                                                 |
[Stroopwafel:*status] -*status- |                 Server information!             |
[Stroopwafel:*status] -*status- |_ _ _ _ _ _ _ _ _ _ _ _ _ _ _ _ _ _ _ _ _ _ _ _ _|
[Stroopwafel:*status] -*status- |                                                 |
[Stroopwafel:*status] -*status- |     Webpanel:    http://znc.gewoonyorick.nl     |
[Stroopwafel:*status] -*status- |     Webchat:     http://webchat.gewoonyorick.nl |
[Stroopwafel:*status] -*status- |                                                 |
[Stroopwafel:*status] -*status- ---------------------------------------------------
[Stroopwafel:*status] -*status- ---------------------------------------------------
[Stroopwafel:*status] -*status- |                                                 |
[Stroopwafel:*status] -*status- |           Advanced Server information!          |
[Stroopwafel:*status] -*status- |_ _ _ _ _ _ _ _ _ _ _ _ _ _ _ _ _ _ _ _ _ _ _ _ _|
[Stroopwafel:*status] -*status- |                                                 |
[Stroopwafel:*status] -*status- |     Hostname: znc.gewoonyorick.nl               |
[Stroopwafel:*status] -*status- |     Ports: 6667, 7778                           |
[Stroopwafel:*status] -*status- |     SSL port: 6697                              |
[Stroopwafel:*status] -*status- |     WebPanel port: 8080                         |
[Stroopwafel:*status] -*status- |                                                 |
[Stroopwafel:*status] -*status- ---------------------------------------------------
[Stroopwafel:*status] -*status- ---------------------------------------------------
[Stroopwafel:*status] -*status- |                                                 |
[Stroopwafel:*status] -*status- |       For Feature Request PM GewoonYorick       |
[Stroopwafel:*status] -*status- |                                                 |
[Stroopwafel:*status] -*status- ---------------------------------------------------
[Stroopwafel:*status] -*status- ---------------------------------------------------
[Stroopwafel:*status] -*status- |                                                 |
[Stroopwafel:*status] -*status- |   Welcome! You're now connected to the server!  |
[Stroopwafel:*status] -*status- |                                                 |
[Stroopwafel:*status] -*status- ---------------------------------------------------
[Stroopwafel:*status] -*status- ---------------------------------------------------
[Stroopwafel:*status] -*status- |                                                 |
[Stroopwafel:*status] -*status- |                 Server information!             |
[Stroopwafel:*status] -*status- |_ _ _ _ _ _ _ _ _ _ _ _ _ _ _ _ _ _ _ _ _ _ _ _ _|
[Stroopwafel:*status] -*status- |                                                 |
[Stroopwafel:*status] -*status- |     Webpanel:    http://znc.gewoonyorick.nl     |
[Stroopwafel:*status] -*status- |     Webchat:     http://webchat.gewoonyorick.nl |
[Stroopwafel:*status] -*status- |                                                 |
[Stroopwafel:*status] -*status- ---------------------------------------------------
[Stroopwafel:*status] -*status- ---------------------------------------------------
[Stroopwafel:*status] -*status- |                                                 |
[Stroopwafel:*status] -*status- |           Advanced Server information!          |
[Stroopwafel:*status] -*status- |_ _ _ _ _ _ _ _ _ _ _ _ _ _ _ _ _ _ _ _ _ _ _ _ _|
[Stroopwafel:*status] -*status- |                                                 |
[Stroopwafel:*status] -*status- |     Hostname: znc.gewoonyorick.nl               |
[Stroopwafel:*status] -*status- |     Ports: 6667, 7778                           |
[Stroopwafel:*status] -*status- |     SSL port: 6697                              |
[Stroopwafel:*status] -*status- |     WebPanel port: 8080                         |
[Stroopwafel:*status] -*status- |                                                 |
[Stroopwafel:*status] -*status- ---------------------------------------------------
[Stroopwafel:*status] -*status- ---------------------------------------------------
[Stroopwafel:*status] -*status- |                                                 |
[Stroopwafel:*status] -*status- |       For Feature Request PM GewoonYorick       |
[Stroopwafel:*status] -*status- |                                                 |
[Stroopwafel:*status] -*status- ---------------------------------------------------
[Stroopwafel:*status] -*status- ---------------------------------------------------
[Stroopwafel:*status] -*status- |                                                 |
[Stroopwafel:*status] -*status- |   Welcome! You're now connected to the server!  |
[Stroopwafel:*status] -*status- |                                                 |
[Stroopwafel:*status] -*status- ---------------------------------------------------
[Stroopwafel:*status] -*status- ---------------------------------------------------
[Stroopwafel:*status] -*status- |                                                 |
[Stroopwafel:*status] -*status- |                 Server information!             |
[Stroopwafel:*status] -*status- |_ _ _ _ _ _ _ _ _ _ _ _ _ _ _ _ _ _ _ _ _ _ _ _ _|
[Stroopwafel:*status] -*status- |                                                 |
[Stroopwafel:*status] -*status- |     Webpanel:    http://znc.gewoonyorick.nl     |
[Stroopwafel:*status] -*status- |     Webchat:     http://webchat.gewoonyorick.nl |
[Stroopwafel:*status] -*status- |                                                 |
[Stroopwafel:*status] -*status- ---------------------------------------------------
[Stroopwafel:*status] -*status- ---------------------------------------------------
[Stroopwafel:*status] -*status- |                                                 |
[Stroopwafel:*status] -*status- |           Advanced Server information!          |
[Stroopwafel:*status] -*status- |_ _ _ _ _ _ _ _ _ _ _ _ _ _ _ _ _ _ _ _ _ _ _ _ _|
[Stroopwafel:*status] -*status- |                                                 |
[Stroopwafel:*status] -*status- |     Hostname: znc.gewoonyorick.nl               |
[Stroopwafel:*status] -*status- |     Ports: 6667, 7778                           |
[Stroopwafel:*status] -*status- |     SSL port: 6697                              |
[Stroopwafel:*status] -*status- |     WebPanel port: 8080                         |
[Stroopwafel:*status] -*status- |                                                 |
[Stroopwafel:*status] -*status- ---------------------------------------------------
[Stroopwafel:*status] -*status- ---------------------------------------------------
[Stroopwafel:*status] -*status- |                                                 |
[Stroopwafel:*status] -*status- |       For Feature Request PM GewoonYorick       |
[Stroopwafel:*status] -*status- |                                                 |
[Stroopwafel:*status] -*status- ---------------------------------------------------
[Stroopwafel:*status] -*status- ---------------------------------------------------
[Stroopwafel:*status] -*status- |                                                 |
[Stroopwafel:*status] -*status- |   Welcome! You're now connected to the server!  |
[Stroopwafel:*status] -*status- |                                                 |
[Stroopwafel:*status] -*status- ---------------------------------------------------
[Stroopwafel:*status] -*status- ---------------------------------------------------
[Stroopwafel:*status] -*status- |                                                 |
[Stroopwafel:*status] -*status- |                 Server information!             |
[Stroopwafel:*status] -*status- |_ _ _ _ _ _ _ _ _ _ _ _ _ _ _ _ _ _ _ _ _ _ _ _ _|
[Stroopwafel:*status] -*status- |                                                 |
[Stroopwafel:*status] -*status- |     Webpanel:    http://znc.gewoonyorick.nl     |
[Stroopwafel:*status] -*status- |     Webchat:     http://webchat.gewoonyorick.nl |
[Stroopwafel:*status] -*status- |                                                 |
[Stroopwafel:*status] -*status- ---------------------------------------------------
[Stroopwafel:*status] -*status- ---------------------------------------------------
[Stroopwafel:*status] -*status- |                                                 |
[Stroopwafel:*status] -*status- |           Advanced Server information!          |
[Stroopwafel:*status] -*status- |_ _ _ _ _ _ _ _ _ _ _ _ _ _ _ _ _ _ _ _ _ _ _ _ _|
[Stroopwafel:*status] -*status- |                                                 |
[Stroopwafel:*status] -*status- |     Hostname: znc.gewoonyorick.nl               |
[Stroopwafel:*status] -*status- |     Ports: 6667, 7778                           |
[Stroopwafel:*status] -*status- |     SSL port: 6697                              |
[Stroopwafel:*status] -*status- |     WebPanel port: 8080                         |
[Stroopwafel:*status] -*status- |                                                 |
[Stroopwafel:*status] -*status- ---------------------------------------------------
[Stroopwafel:*status] -*status- ---------------------------------------------------
[Stroopwafel:*status] -*status- |                                                 |
[Stroopwafel:*status] -*status- |       For Feature Request PM GewoonYorick       |
[Stroopwafel:*status] -*status- |                                                 |
[Stroopwafel:*status] -*status- ---------------------------------------------------
[Stroopwafel:*status] -*status- ---------------------------------------------------
[Stroopwafel:*status] -*status- |                                                 |
[Stroopwafel:*status] -*status- |   Welcome! You're now connected to the server!  |
[Stroopwafel:*status] -*status- |                                                 |
[Stroopwafel:*status] -*status- ---------------------------------------------------
[Stroopwafel:*status] -*status- ---------------------------------------------------
[Stroopwafel:*status] -*status- |                                                 |
[Stroopwafel:*status] -*status- |                 Server information!             |
[Stroopwafel:*status] -*status- |_ _ _ _ _ _ _ _ _ _ _ _ _ _ _ _ _ _ _ _ _ _ _ _ _|
[Stroopwafel:*status] -*status- |                                                 |
[Stroopwafel:*status] -*status- |     Webpanel:    http://znc.gewoonyorick.nl     |
[Stroopwafel:*status] -*status- |     Webchat:     http://webchat.gewoonyorick.nl |
[Stroopwafel:*status] -*status- |                                                 |
[Stroopwafel:*status] -*status- ---------------------------------------------------
[Stroopwafel:*status] -*status- ---------------------------------------------------
[Stroopwafel:*status] -*status- |                                                 |
[Stroopwafel:*status] -*status- |           Advanced Server information!          |
[Stroopwafel:*status] -*status- |_ _ _ _ _ _ _ _ _ _ _ _ _ _ _ _ _ _ _ _ _ _ _ _ _|
[Stroopwafel:*status] -*status- |                                                 |
[Stroopwafel:*status] -*status- |     Hostname: znc.gewoonyorick.nl               |
[Stroopwafel:*status] -*status- |     Ports: 6667, 7778                           |
[Stroopwafel:*status] -*status- |     SSL port: 6697                              |
[Stroopwafel:*status] -*status- |     WebPanel port: 8080                         |
[Stroopwafel:*status] -*status- |                                                 |
[Stroopwafel:*status] -*status- ---------------------------------------------------
[Stroopwafel:*status] -*status- ---------------------------------------------------
[Stroopwafel:*status] -*status- |                                                 |
[Stroopwafel:*status] -*status- |       For Feature Request PM GewoonYorick       |
[Stroopwafel:*status] -*status- |                                                 |
[Stroopwafel:*status] -*status- ---------------------------------------------------
[Stroopwafel:*status] -*status- ---------------------------------------------------
[Stroopwafel:*status] -*status- |                                                 |
[Stroopwafel:*status] -*status- |   Welcome! You're now connected to the server!  |
[Stroopwafel:*status] -*status- |                                                 |
[Stroopwafel:*status] -*status- ---------------------------------------------------
[Stroopwafel:*status] -*status- ---------------------------------------------------
[Stroopwafel:*status] -*status- |                                                 |
[Stroopwafel:*status] -*status- |                 Server information!             |
[Stroopwafel:*status] -*status- |_ _ _ _ _ _ _ _ _ _ _ _ _ _ _ _ _ _ _ _ _ _ _ _ _|
[Stroopwafel:*status] -*status- |                                                 |
[Stroopwafel:*status] -*status- |     Webpanel:    http://znc.gewoonyorick.nl     |
[Stroopwafel:*status] -*status- |     Webchat:     http://webchat.gewoonyorick.nl |
[Stroopwafel:*status] -*status- |                                                 |
[Stroopwafel:*status] -*status- ---------------------------------------------------
[Stroopwafel:*status] -*status- ---------------------------------------------------
[Stroopwafel:*status] -*status- |                                                 |
[Stroopwafel:*status] -*status- |           Advanced Server information!          |
[Stroopwafel:*status] -*status- |_ _ _ _ _ _ _ _ _ _ _ _ _ _ _ _ _ _ _ _ _ _ _ _ _|
[Stroopwafel:*status] -*status- |                                                 |
[Stroopwafel:*status] -*status- |     Hostname: znc.gewoonyorick.nl               |
[Stroopwafel:*status] -*status- |     Ports: 6667, 7778                           |
[Stroopwafel:*status] -*status- |     SSL port: 6697                              |
[Stroopwafel:*status] -*status- |     WebPanel port: 8080                         |
[Stroopwafel:*status] -*status- |                                                 |
[Stroopwafel:*status] -*status- ---------------------------------------------------
[Stroopwafel:*status] -*status- ---------------------------------------------------
[Stroopwafel:*status] -*status- |                                                 |
[Stroopwafel:*status] -*status- |       For Feature Request PM GewoonYorick       |
[Stroopwafel:*status] -*status- |                                                 |
[Stroopwafel:*status] -*status- ---------------------------------------------------
[Stroopwafel:*status] -*status- ---------------------------------------------------
[Stroopwafel:*status] -*status- |                                                 |
[Stroopwafel:*status] -*status- |   Welcome! You're now connected to the server!  |
[Stroopwafel:*status] -*status- |                                                 |
[Stroopwafel:*status] -*status- ---------------------------------------------------
[Stroopwafel:*status] -*status- ---------------------------------------------------
[Stroopwafel:*status] -*status- |                                                 |
[Stroopwafel:*status] -*status- |                 Server information!             |
[Stroopwafel:*status] -*status- |_ _ _ _ _ _ _ _ _ _ _ _ _ _ _ _ _ _ _ _ _ _ _ _ _|
[Stroopwafel:*status] -*status- |                                                 |
[Stroopwafel:*status] -*status- |     Webpanel:    http://znc.gewoonyorick.nl     |
[Stroopwafel:*status] -*status- |     Webchat:     http://webchat.gewoonyorick.nl |
[Stroopwafel:*status] -*status- |                                                 |
[Stroopwafel:*status] -*status- ---------------------------------------------------
[Stroopwafel:*status] -*status- ---------------------------------------------------
[Stroopwafel:*status] -*status- |                                                 |
[Stroopwafel:*status] -*status- |           Advanced Server information!          |
[Stroopwafel:*status] -*status- |_ _ _ _ _ _ _ _ _ _ _ _ _ _ _ _ _ _ _ _ _ _ _ _ _|
[Stroopwafel:*status] -*status- |                                                 |
[Stroopwafel:*status] -*status- |     Hostname: znc.gewoonyorick.nl               |
[Stroopwafel:*status] -*status- |     Ports: 6667, 7778                           |
[Stroopwafel:*status] -*status- |     SSL port: 6697                              |
[Stroopwafel:*status] -*status- |     WebPanel port: 8080                         |
[Stroopwafel:*status] -*status- |                                                 |
[Stroopwafel:*status] -*status- ---------------------------------------------------
[Stroopwafel:*status] -*status- ---------------------------------------------------
[Stroopwafel:*status] -*status- |                                                 |
[Stroopwafel:*status] -*status- |       For Feature Request PM GewoonYorick       |
[Stroopwafel:*status] -*status- |                                                 |
[Stroopwafel:*status] -*status- ---------------------------------------------------
