[Stroopwafel:auth] -poplar.scoutlink.net- *** Looking up your hostname...
[Stroopwafel:auth] -poplar.scoutlink.net- *** Looking up your ident...
[Stroopwafel:auth] -poplar.scoutlink.net- *** Could not resolve your hostname: Request timed out; using your IP address (77.173.128.189) instead.
[Stroopwafel:auth] -poplar.scoutlink.net- *** Ident request timed out.
[Stroopwafel:auth] -poplar.scoutlink.net- *** Could not find your ident, using ~GwnYServ instead.
[Stroopwafel:auth] -poplar.scoutlink.net- Welcome to ScoutLink!
[Stroopwafel:auth] -poplar.scoutlink.net- *** Looking up your hostname...
[Stroopwafel:auth] -poplar.scoutlink.net- *** Looking up your ident...
[Stroopwafel:auth] -poplar.scoutlink.net- *** Could not resolve your hostname: Domain name not found; using your IP address (77.173.128.189) instead.
[Stroopwafel:auth] -poplar.scoutlink.net- *** Ident request timed out.
[Stroopwafel:auth] -poplar.scoutlink.net- *** Could not find your ident, using ~GwnYServ instead.
[Stroopwafel:auth] -poplar.scoutlink.net- Welcome to ScoutLink!
[Stroopwafel:auth] -poplar.scoutlink.net- *** Looking up your hostname...
[Stroopwafel:auth] -poplar.scoutlink.net- *** Looking up your ident...
[Stroopwafel:auth] -poplar.scoutlink.net- *** Could not resolve your hostname: Domain name not found; using your IP address (77.173.128.189) instead.
[Stroopwafel:auth] -poplar.scoutlink.net- *** Ident request timed out.
[Stroopwafel:auth] -poplar.scoutlink.net- *** Could not find your ident, using ~GwnYServ instead.
[Stroopwafel:auth] -poplar.scoutlink.net- Welcome to ScoutLink!
[Stroopwafel:auth] -poplar.scoutlink.net- *** Looking up your hostname...
[Stroopwafel:auth] -poplar.scoutlink.net- *** Looking up your ident...
[Stroopwafel:auth] -poplar.scoutlink.net- *** Could not resolve your hostname: Request timed out; using your IP address (77.173.128.189) instead.
[Stroopwafel:auth] -poplar.scoutlink.net- *** Ident request timed out.
[Stroopwafel:auth] -poplar.scoutlink.net- *** Could not find your ident, using ~GwnYServ instead.
[Stroopwafel:auth] -poplar.scoutlink.net- Welcome to ScoutLink!
[Stroopwafel:auth] -poplar.scoutlink.net- *** Looking up your hostname...
[Stroopwafel:auth] -poplar.scoutlink.net- *** Looking up your ident...
[Stroopwafel:auth] -poplar.scoutlink.net- *** Could not resolve your hostname: Domain name not found; using your IP address (77.173.128.189) instead.
[Stroopwafel:auth] -poplar.scoutlink.net- *** Ident request timed out.
[Stroopwafel:auth] -poplar.scoutlink.net- *** Could not find your ident, using ~GwnYServ instead.
[Stroopwafel:auth] -poplar.scoutlink.net- Welcome to ScoutLink!
[Stroopwafel:auth] -poplar.scoutlink.net- *** Looking up your hostname...
[Stroopwafel:auth] -poplar.scoutlink.net- *** Looking up your ident...
[Stroopwafel:auth] -poplar.scoutlink.net- *** Could not resolve your hostname: Request timed out; using your IP address (77.173.128.189) instead.
[Stroopwafel:auth] -poplar.scoutlink.net- *** Ident request timed out.
[Stroopwafel:auth] -poplar.scoutlink.net- *** Could not find your ident, using ~GwnYServ instead.
[Stroopwafel:auth] -poplar.scoutlink.net- Welcome to ScoutLink!
[Stroopwafel:auth] -poplar.scoutlink.net- *** Looking up your hostname...
[Stroopwafel:auth] -poplar.scoutlink.net- *** Looking up your ident...
[Stroopwafel:auth] -poplar.scoutlink.net- *** Could not resolve your hostname: Domain name not found; using your IP address (77.173.128.189) instead.
[Stroopwafel:auth] -poplar.scoutlink.net- *** Ident request timed out.
[Stroopwafel:auth] -poplar.scoutlink.net- *** Could not find your ident, using ~GwnYServ instead.
[Stroopwafel:auth] -poplar.scoutlink.net- Welcome to ScoutLink!
